"../../../Engine/Content/Functions/Engine_MaterialFunctions02/Utility/BlendAngleCorrectedNormals.uasset" 0
"../../../Engine/Content/Functions/MaterialLayerFunctions/MatLayerBlend_NormalBlend.uasset" 1
"../../../Engine/Content/Functions/MaterialLayerFunctions/MatLayerBlend_Simple.uasset" 2
"../../../DornTheDisposable/Content/Mannequin/Character/Materials/MaterialLayers/T_ML_Rubber_Blue_01_D.uasset" 3
"../../../DornTheDisposable/Content/Mannequin/Character/Materials/MaterialLayers/T_ML_Rubber_Blue_01_N.uasset" 4
"../../../DornTheDisposable/Content/Mannequin/Character/Materials/MaterialLayers/ML_GlossyBlack_Latex_UE4.uasset" 5
"../../../DornTheDisposable/Content/Mannequin/Character/Materials/MaterialLayers/ML_Plastic_Shiny_Beige.uasset" 6
"../../../DornTheDisposable/Content/Mannequin/Character/Textures/UE4_LOGO_CARD.uasset" 7
"../../../DornTheDisposable/Content/Mannequin/Character/Materials/MaterialLayers/ML_Plastic_Shiny_Beige_LOGO.uasset" 8
"../../../DornTheDisposable/Content/Mannequin/Character/Materials/MaterialLayers/T_ML_Aluminum01.uasset" 9
"../../../DornTheDisposable/Content/Mannequin/Character/Materials/MaterialLayers/T_ML_Aluminum01_N.uasset" 10
"../../../DornTheDisposable/Content/Mannequin/Character/Materials/MaterialLayers/ML_SoftMetal_UE4.uasset" 11
"../../../DornTheDisposable/Content/Mannequin/Character/Textures/UE4_Mannequin__normals.uasset" 12
"../../../DornTheDisposable/Content/Mannequin/Character/Textures/UE4_Mannequin_MAT_MASKA.uasset" 13
"../../../DornTheDisposable/Content/Mannequin/Character/Materials/M_UE4Man_Body.uasset" 14
"../../../DornTheDisposable/Content/Mannequin/Character/Textures/UE4Man_Logo_N.uasset" 15
"../../../DornTheDisposable/Content/Mannequin/Character/Materials/M_UE4Man_ChestLogo.uasset" 16
"../../../DornTheDisposable/Content/Mannequin/Character/Mesh/SK_Mannequin_PhysicsAsset.uasset" 17
"../../../DornTheDisposable/Content/Mannequin/Character/Mesh/SK_Mannequin.uasset" 18
"../../../DornTheDisposable/Content/Mannequin/Character/Mesh/UE4_Mannequin_Skeleton.uasset" 19
"../../../DornTheDisposable/Content/Mannequin/Animations/ThirdPerson_Jump.uasset" 20
"../../../DornTheDisposable/Content/Mannequin/Animations/ThirdPersonJump_Loop.uasset" 21
"../../../DornTheDisposable/Content/Mannequin/Animations/ThirdPersonJump_Start.uasset" 22
"../../../DornTheDisposable/Content/Mannequin/Animations/ThirdPersonIdle.uasset" 23
"../../../DornTheDisposable/Content/Mannequin/Animations/ThirdPersonRun.uasset" 24
"../../../DornTheDisposable/Content/Mannequin/Animations/ThirdPersonWalk.uasset" 25
"../../../DornTheDisposable/Content/Mannequin/Animations/ThirdPerson_IdleRun_2D.uasset" 26
"../../../Engine/Content/EditorBlueprintResources/StandardMacros.uasset" 27
"../../../DornTheDisposable/Content/Mannequin/Animations/ThirdPerson_AnimBP.uasset" 28
"../../../DornTheDisposable/Content/MenusHuds/DefaultHudIcons/Armor.uasset" 29
"../../../DornTheDisposable/Content/MenusHuds/DefaultHudIcons/BootsIcon.uasset" 30
"../../../DornTheDisposable/Content/MenusHuds/DefaultHudIcons/HelmetIcon.uasset" 31
"../../../DornTheDisposable/Content/MenusHuds/DefaultHudIcons/ShieldIcon.uasset" 32
"../../../DornTheDisposable/Content/MenusHuds/DefaultHudIcons/SwordIcon.uasset" 33
"../../../DornTheDisposable/Content/MenusHuds/HUD.uasset" 34
"../../../DornTheDisposable/Content/MenusHuds/PauseMenu.uasset" 35
"../../../DornTheDisposable/Content/SideScrollerBP/Blueprints/SideScrollerCharacter.uasset" 36
"../../../Engine/Content/EngineSky/C_Sky_Cloud_Color.uasset" 37
"../../../Engine/Content/EngineSky/C_Sky_Horizon_Color.uasset" 38
"../../../Engine/Content/EngineSky/C_Sky_Zenith_Color.uasset" 39
"../../../Engine/Content/EngineSky/T_Sky_Blue.uasset" 40
"../../../Engine/Content/EngineSky/T_Sky_Clouds_M.uasset" 41
"../../../Engine/Content/EngineSky/T_Sky_Stars.uasset" 42
"../../../Engine/Content/EngineSky/SM_SkySphere.uasset" 43
"../../../Engine/Content/EngineSky/M_Sky_Panning_Clouds2.uasset" 44
"../../../Engine/Content/EngineSky/BP_Sky_Sphere.uasset" 45
"../../../DornTheDisposable/Content/SideScrollerBP/Blueprints/SideScrollerGameMode.uasset" 46
"../../../Engine/Content/Functions/Engine_MaterialFunctions01/Opacity/CameraDepthFade.uasset" 47
"../../../Engine/Content/EngineMaterials/T_Default_Material_Grid_M.uasset" 48
"../../../Engine/Content/EngineMaterials/T_Default_Material_Grid_N.uasset" 49
"../../../Engine/Content/EngineMaterials/DefaultMaterial.uasset" 50
"../../../Engine/Content/EngineMaterials/WorldGridMaterial.uasset" 51
"../../../DornTheDisposable/Content/StarterContent/Textures/T_Concrete_Poured_D.uasset" 52
"../../../DornTheDisposable/Content/StarterContent/Textures/T_Concrete_Poured_N.uasset" 53
"../../../DornTheDisposable/Content/StarterContent/Textures/T_MacroVariation.uasset" 54
"../../../DornTheDisposable/Content/StarterContent/Textures/T_Perlin_Noise_M.uasset" 55
"../../../DornTheDisposable/Content/StarterContent/Materials/M_Concrete_Poured.uasset" 56
"../../../DornTheDisposable/Content/StarterContent/Textures/T_Rock_Basalt_D.uasset" 57
"../../../DornTheDisposable/Content/StarterContent/Textures/T_Rock_Basalt_N.uasset" 58
"../../../DornTheDisposable/Content/StarterContent/Materials/M_Rock_Basalt.uasset" 59
"../../../DornTheDisposable/Content/StarterContent/Textures/T_Water_N.uasset" 60
"../../../DornTheDisposable/Content/StarterContent/Materials/M_Water_Lake.uasset" 61
"../../../Engine/Content/Functions/Engine_MaterialFunctions01/Gradient/LinearGradient.uasset" 62
"../../../Engine/Content/Functions/Engine_MaterialFunctions01/ImageAdjustment/CheapContrast.uasset" 63
"../../../Engine/Content/EngineMaterials/DefaultDiffuse.uasset" 64
"../../../Engine/Content/Functions/Engine_MaterialFunctions01/Texturing/WorldAlignedTexture.uasset" 65
"../../../DornTheDisposable/Content/Assets/Textures/T_BricksAndStones_D.uasset" 66
"../../../DornTheDisposable/Content/Assets/Textures/T_BricksAndStones_M.uasset" 67
"../../../DornTheDisposable/Content/Assets/Textures/T_BricksAndStones_N.uasset" 68
"../../../DornTheDisposable/Content/Assets/Textures/T_Moss_D.uasset" 69
"../../../DornTheDisposable/Content/Assets/Materials/M_CrumblingRuins_Master.uasset" 70
"../../../DornTheDisposable/Content/Assets/Materials/MI_BricksAndStones.uasset" 71
"../../../DornTheDisposable/Content/Assets/SM_Arch_02.uasset" 72
"../../../DornTheDisposable/Content/Assets/SM_Arch_03.uasset" 73
"../../../DornTheDisposable/Content/Assets/SM_Arch_06.uasset" 74
"../../../DornTheDisposable/Content/Assets/Textures/T_BarsAndBoards_D.uasset" 75
"../../../DornTheDisposable/Content/Assets/Textures/T_BarsAndBoards_M.uasset" 76
"../../../DornTheDisposable/Content/Assets/Textures/T_BarsAndBoards_N.uasset" 77
"../../../DornTheDisposable/Content/Assets/Materials/MI_BarsAndBoards.uasset" 78
"../../../DornTheDisposable/Content/Assets/SM_Chain_01.uasset" 79
"../../../DornTheDisposable/Content/Assets/SM_Chain_02.uasset" 80
"../../../DornTheDisposable/Content/Assets/SM_Chain_04_B.uasset" 81
"../../../DornTheDisposable/Content/Assets/SM_Column_01.uasset" 82
"../../../DornTheDisposable/Content/Assets/SM_Column_03.uasset" 83
"../../../DornTheDisposable/Content/Assets/SM_Column_05.uasset" 84
"../../../DornTheDisposable/Content/Assets/Textures/T_FloorsAndSteps_D.uasset" 85
"../../../DornTheDisposable/Content/Assets/Textures/T_FloorsAndSteps_M.uasset" 86
"../../../DornTheDisposable/Content/Assets/Textures/T_FloorsAndSteps_N.uasset" 87
"../../../DornTheDisposable/Content/Assets/Materials/MI_FloorsAndSteps.uasset" 88
"../../../DornTheDisposable/Content/Assets/SM_ColumnBase_01.uasset" 89
"../../../DornTheDisposable/Content/Assets/SM_ColumnTop_01.uasset" 90
"../../../DornTheDisposable/Content/Assets/SM_Door_01.uasset" 91
"../../../DornTheDisposable/Content/Assets/SM_Floor_01.uasset" 92
"../../../DornTheDisposable/Content/Assets/SM_Floor_02.uasset" 93
"../../../DornTheDisposable/Content/Assets/SM_Floor_07.uasset" 94
"../../../DornTheDisposable/Content/Assets/SM_Floor_08.uasset" 95
"../../../DornTheDisposable/Content/Assets/Materials/M_Ground_Master.uasset" 96
"../../../DornTheDisposable/Content/Assets/SM_Ground_01.uasset" 97
"../../../DornTheDisposable/Content/Assets/SM_Metal_01.uasset" 98
"../../../DornTheDisposable/Content/Assets/SM_Prop_02.uasset" 99
"../../../DornTheDisposable/Content/Assets/SM_Prop_05.uasset" 100
"../../../DornTheDisposable/Content/Assets/SM_Prop_08.uasset" 101
"../../../DornTheDisposable/Content/Assets/SM_Rubble_01.uasset" 102
"../../../DornTheDisposable/Content/Assets/SM_Rubble_02.uasset" 103
"../../../DornTheDisposable/Content/Assets/SM_Rubble_03.uasset" 104
"../../../DornTheDisposable/Content/Assets/SM_Rubble_04.uasset" 105
"../../../DornTheDisposable/Content/Assets/SM_Rubble_07.uasset" 106
"../../../DornTheDisposable/Content/Assets/SM_Rubble_08.uasset" 107
"../../../DornTheDisposable/Content/Assets/SM_Rubble_10.uasset" 108
"../../../DornTheDisposable/Content/Assets/SM_Rubble_11.uasset" 109
"../../../DornTheDisposable/Content/Assets/SM_Rubble_14.uasset" 110
"../../../DornTheDisposable/Content/Assets/SM_Rubble_15.uasset" 111
"../../../DornTheDisposable/Content/Assets/SM_Wall_01.uasset" 112
"../../../DornTheDisposable/Content/Assets/SM_Wall_04.uasset" 113
"../../../DornTheDisposable/Content/Assets/SM_WallArch_01.uasset" 114
"../../../DornTheDisposable/Content/Assets/SM_WallChunk_01.uasset" 115
"../../../DornTheDisposable/Content/Assets/SM_WallChunk_01b.uasset" 116
"../../../DornTheDisposable/Content/Assets/SM_WallHalf_01.uasset" 117
"../../../DornTheDisposable/Content/Assets/SM_WallHalf_02.uasset" 118
"../../../DornTheDisposable/Content/Assets/SM_WallLow_03.uasset" 119
"../../../DornTheDisposable/Content/Assets/Torch/T_FireParticle.uasset" 120
"../../../DornTheDisposable/Content/Assets/Torch/M_FireParticle.uasset" 121
"../../../DornTheDisposable/Content/Assets/Torch/P_Torch.uasset" 122
"../../../DornTheDisposable/Content/MenusHuds/Images/League_of_Legends_fantasy_art_warriors_weapons_axe_dwarf_2200x1298.uasset" 123
"../../../DornTheDisposable/Content/MenusHuds/MainMenu.uasset" 124
"../../../DornTheDisposable/Content/StarterContent/Textures/T_Detail_Rocky_N.uasset" 125
"../../../DornTheDisposable/Content/StarterContent/Textures/T_RockMesh_M.uasset" 126
"../../../DornTheDisposable/Content/StarterContent/Textures/T_RockMesh_N.uasset" 127
"../../../DornTheDisposable/Content/StarterContent/Props/Materials/M_Rock.uasset" 128
"../../../DornTheDisposable/Content/StarterContent/Props/SM_Rock.uasset" 129
"../../../DornTheDisposable/Content/Levels/DornTheDisposable.umap" 130
"../../../Engine/Content/EngineMaterials/DefaultNormal.uasset" 131
"../../../Engine/Content/Maps/Entry.umap" 132
"../../../Engine/Content/EngineFonts/Roboto.uasset" 133
"../../../Engine/Content/Functions/Engine_MaterialFunctions01/Shading/PowerToRoughness.uasset" 134
"../../../Engine/Content/Functions/Engine_MaterialFunctions01/Shading/ConvertFromDiffSpec.uasset" 135
"../../../Engine/Content/EngineMaterials/DefaultDeferredDecalMaterial.uasset" 136
"../../../Engine/Content/EngineMaterials/DefaultLightFunctionMaterial.uasset" 137
"../../../Engine/Content/Functions/Engine_MaterialFunctions02/Utility/BreakOutFloat2Components.uasset" 138
"../../../Engine/Content/EngineMaterials/DefaultPostProcessMaterial.uasset" 139
"../../../Engine/Content/EngineResources/DefaultTexture.uasset" 140
"../../../Engine/Content/Functions/Engine_MaterialFunctions02/Texturing/ScreenAlignedUVs.uasset" 141
"../../../Engine/Content/EngineResources/WhiteSquareTexture.uasset" 142
"../../../Engine/Content/EngineMaterials/Widget3DPassThrough.uasset" 143
"../../../Engine/Content/EngineMaterials/Widget3DPassThrough_Translucent.uasset" 144
"../../../Engine/Content/EngineMaterials/Widget3DPassThrough_Translucent_OneSided.uasset" 145
"../../../Engine/Content/EngineMaterials/Widget3DPassThrough_Opaque.uasset" 146
"../../../Engine/Content/EngineMaterials/Widget3DPassThrough_Opaque_OneSided.uasset" 147
"../../../Engine/Content/EngineMaterials/Widget3DPassThrough_Masked.uasset" 148
"../../../Engine/Content/EngineMaterials/Widget3DPassThrough_Masked_OneSided.uasset" 149
"../../../Engine/Content/EditorResources/S_Actor.uasset" 150
"../../../Engine/Content/Maps/Templates/Thumbnails/Default.uasset" 151
"../../../Engine/Content/EditorMaterials/ParticleSystems/PSysThumbnail_NoImage.uasset" 152
"../../../Engine/Content/EditorMaterials/ParticleSystems/PSysThumbnail_OOD.uasset" 153
"../../../Engine/Content/EditorLandscapeResources/DataLayer.uasset" 154
"../../../Engine/Content/EngineDamageTypes/DmgTypeBP_Environmental.uasset" 155
"../../../Engine/Content/EngineMeshes/Sphere.uasset" 156
"../../../Engine/Content/EngineFonts/RobotoDistanceField.uasset" 157
"../../../Engine/Content/EngineMaterials/DefaultTextMaterialOpaque.uasset" 158
"../../../Engine/Content/EditorResources/S_Trigger.uasset" 159
"../../../Engine/Content/EngineResources/GradientTexture0.uasset" 160
"../../../Engine/Content/EngineResources/Black.uasset" 161
"../../../Engine/Content/EditorMaterials/MatineeGroups/MAT_Groups_Float.uasset" 162
"../../../Engine/Content/EditorMaterials/MatineeGroups/MAT_Groups_Director.uasset" 163
"../../../Engine/Content/EditorMaterials/MatineeGroups/MAT_Groups_Event.uasset" 164
"../../../Engine/Content/EditorMaterials/MatineeGroups/MAT_Groups_Anim.uasset" 165
"../../../Engine/Content/EditorMaterials/MatineeGroups/MAT_Groups_Fade.uasset" 166
"../../../Engine/Content/EditorMaterials/MatineeGroups/MAT_Groups_Move.uasset" 167
"../../../Engine/Content/EditorMaterials/MatineeGroups/MAT_Groups_Slomo.uasset" 168
"../../../Engine/Content/EditorMaterials/MatineeGroups/MAT_ColorTrack.uasset" 169
"../../../Engine/Content/EditorMaterials/MAT_Groups_Toggle.uasset" 170
"../../../Engine/Content/EditorMaterials/MatineeGroups/MAT_Groups_AudioMaster.uasset" 171
"../../../Engine/Content/EditorMaterials/MatineeGroups/MAT_Groups_Sound.uasset" 172
"../../../Engine/Content/EditorMaterials/MatineeGroups/MAT_Groups_Vector.uasset" 173
"../../../Engine/Content/EditorMaterials/MAT_Groups_Visibility.uasset" 174
"../../../Engine/Content/EngineResources/DefaultTextureCube.uasset" 175
"../../../Engine/Content/EngineMeshes/Cylinder.uasset" 176
"../../../Engine/Content/EngineTireTypes/DefaultTireType.uasset" 177
"../../../Engine/Content/EngineResources/AICON-Red.uasset" 178
"../../../Engine/Content/EngineResources/AICON-Green.uasset" 179
"../../../Engine/Content/Tutorial/Basics/TutorialAssets/icon_tab_Levels_40x.uasset" 180
"../../../Engine/Content/Tutorial/Basics/LevelEditorOverview.uasset" 181
"../../../DornTheDisposable/Content/SideScrollerBP/SideScrollerOverview.uasset" 182
"../../../Engine/Content/Tutorial/Basics/LevelEditorAttract.uasset" 183
"../../../Engine/Content/Tutorial/BlueprintTutorials/TutorialAssets/Blueprint_64x.uasset" 184
"../../../Engine/Content/Tutorial/BlueprintTutorials/BlueprintEditorTutorial.uasset" 185
"../../../Engine/Content/Tutorial/ContentIntroCurve.uasset" 186
"../../../Engine/Plugins/2D/Paper2D/Content/PlaceholderTextures/DummySpriteTexture.uasset" 187
"../../../Engine/Plugins/2D/Paper2D/Content/DefaultSpriteMaterial.uasset" 188
"../../../Engine/Plugins/2D/Paper2D/Content/MaskedUnlitSpriteMaterial.uasset" 189
"../../../Engine/Plugins/2D/Paper2D/Content/OpaqueUnlitSpriteMaterial.uasset" 190
"../../../Engine/Plugins/2D/Paper2D/Content/DummySpriteTexture.uasset" 191
"../../../Engine/Plugins/2D/Paper2D/Content/DummySprite.uasset" 192
"../../../Engine/Plugins/2D/Paper2D/Content/DefaultPaperTerrainMaterial.uasset" 193
"../../../Engine/Plugins/Runtime/LeapMotionController/Content/LM_CapsuleMesh.uasset" 194
"../../../Engine/Plugins/Runtime/LeapMotionController/Content/LM_TorusMesh.uasset" 195
"../../../Engine/Plugins/Runtime/LeapMotionController/Content/LM_HandColor.uasset" 196
"../../../Engine/Plugins/Runtime/LeapMotionController/Content/LM_SampleDistortion.uasset" 197
"../../../Engine/Plugins/Runtime/LeapMotionController/Content/LM_TestTexture.uasset" 198
"../../../Engine/Plugins/Runtime/LeapMotionController/Content/LM_PassthroughMaterial.uasset" 199
"../../../Engine/Content/BasicShapes/Cube.uasset" 200
"../../../Engine/Content/EngineMaterials/RemoveSurfaceMaterial.uasset" 201
"../../../Engine/Content/EngineDebugMaterials/DebugMeshMaterial.uasset" 202
"../../../Engine/Content/EngineMaterials/InvalidLightmapSettings.uasset" 203
"../../../Engine/Content/EngineMaterials/M_InvalidLightmapSettings.uasset" 204
"../../../Engine/Content/EditorMaterials/GizmoMaterial.uasset" 205
"../../../Engine/Content/EngineMaterials/Good64x64TilingNoiseHighFreq.uasset" 206
"../../../Engine/Content/EngineMaterials/DefaultBokeh.uasset" 207
"../../../Engine/Content/EngineMaterials/PreintegratedSkinBRDF.uasset" 208
"../../../Engine/Content/EngineMaterials/MiniFont.uasset" 209
"../../../Engine/Content/EngineMaterials/WeightMapPlaceholderTexture.uasset" 210
"../../../Engine/Content/EngineMaterials/DefaultWhiteGrid.uasset" 211
"../../../Engine/Content/EngineMaterials/DefaultPhysicalMaterial.uasset" 212
"../../../Engine/Content/EngineFonts/RobotoTiny.uasset" 213
"../../../DornTheDisposable/Content/StarterContent/Textures/T_Frame_M.uasset" 214
"../../../DornTheDisposable/Content/StarterContent/Textures/T_Lamp_N.uasset" 215
"../../../DornTheDisposable/Content/StarterContent/Textures/T_Door_N.uasset" 216
"../../../Engine/Content/MobileResources/HUD/MobileHUDButton1_on.uasset" 217
"../../../DornTheDisposable/Content/StarterContent/Textures/T_TableRound_M.uasset" 218
"../../../DornTheDisposable/Content/StarterContent/Textures/T_Shelf_N.uasset" 219
"../../../DornTheDisposable/Content/StarterContent/Textures/T_Chair_M.uasset" 220
"../../../DornTheDisposable/Content/StarterContent/Textures/T_Bush_N.uasset" 221
"../../../DornTheDisposable/Content/StarterContent/Textures/T_Frame_N.uasset" 222
"../../../DornTheDisposable/Content/StarterContent/Textures/T_Lamp_M.uasset" 223
"../../../Engine/Content/MobileResources/HUD/MobileHUDButtonFire.uasset" 224
"../../../DornTheDisposable/Content/StarterContent/Textures/T_Shelf_M.uasset" 225
"../../../Engine/Content/MobileResources/HUD/MobileHUDDirectionPad2.uasset" 226
"../../../Engine/Content/MobileResources/HUD/MobileHUDButton2_off.uasset" 227
"../../../DornTheDisposable/Content/StarterContent/Materials/M_Basic_Wall.uasset" 228
"../../../DornTheDisposable/Content/StarterContent/Shapes/Shape_Trim_90_Out.uasset" 229
"../../../DornTheDisposable/Content/StarterContent/Shapes/Shape_TriPyramid.uasset" 230
"../../../DornTheDisposable/Content/StarterContent/Shapes/Shape_Tube.uasset" 231
"../../../DornTheDisposable/Content/StarterContent/Shapes/Shape_Wedge_A.uasset" 232
"../../../DornTheDisposable/Content/StarterContent/Shapes/Shape_Wedge_B.uasset" 233
"../../../DornTheDisposable/Content/StarterContent/Shapes/Shape_WideCapsule.uasset" 234
"../../../Engine/Content/MobileResources/HUD/MobileHUDDirectionStick.uasset" 235
"../../../Engine/Content/MobileResources/HUD/VirtualJoystick_Background.uasset" 236
"../../../Engine/Content/MobileResources/HUD/VirtualJoystick_Thumb.uasset" 237
"../../../Engine/Content/MobileResources/HUD/DefaultVirtualJoysticks.uasset" 238
"../../../Engine/Content/MobileResources/HUD/LeftVirtualJoystickOnly.uasset" 239
"../../../Engine/Content/MobileResources/HUD/MobileHUDButton3.uasset" 240
"../../../DornTheDisposable/Content/StarterContent/Shapes/Shape_Torus.uasset" 241
"../../../DornTheDisposable/Content/StarterContent/Shapes/Shape_Trim.uasset" 242
"../../../DornTheDisposable/Content/StarterContent/Shapes/Shape_Trim_90_In.uasset" 243
"../../../DornTheDisposable/Content/StarterContent/Textures/T_Statue_M.uasset" 244
"../../../DornTheDisposable/Content/StarterContent/Textures/T_TableRound_N.uasset" 245
"../../../DornTheDisposable/Content/StarterContent/Textures/T_Statue_N.uasset" 246
"../../../DornTheDisposable/Content/StarterContent/Textures/T_Door_M.uasset" 247
"../../../DornTheDisposable/Content/StarterContent/Shapes/Shape_Pipe_180.uasset" 248
"../../../DornTheDisposable/Content/StarterContent/Shapes/Shape_Pipe_90.uasset" 249
"../../../DornTheDisposable/Content/StarterContent/Shapes/Shape_Plane.uasset" 250
"../../../DornTheDisposable/Content/StarterContent/Shapes/Shape_QuadPyramid.uasset" 251
"../../../DornTheDisposable/Content/StarterContent/Shapes/Shape_Sphere.uasset" 252
"../../../DornTheDisposable/Content/Mannequin/Animations/ThirdPersonJump_End.uasset" 253
"../../../DornTheDisposable/Content/StarterContent/Textures/T_Chair_N.uasset" 254
"../../../DornTheDisposable/Content/StarterContent/Shapes/Shape_Cone.uasset" 255
"../../../DornTheDisposable/Content/StarterContent/Shapes/Shape_Cube.uasset" 256
"../../../DornTheDisposable/Content/StarterContent/Shapes/Shape_Cylinder.uasset" 257
"../../../DornTheDisposable/Content/StarterContent/Shapes/Shape_NarrowCapsule.uasset" 258
"../../../DornTheDisposable/Content/StarterContent/Shapes/Shape_Pipe.uasset" 259
"../../../DornTheDisposable/Content/StarterContent/Textures/T_Wood_Oak_D.uasset" 260
"../../../DornTheDisposable/Content/StarterContent/Textures/T_Wood_Oak_N.uasset" 261
"../../../DornTheDisposable/Content/StarterContent/Materials/M_Wood_Oak.uasset" 262
"../../../DornTheDisposable/Content/StarterContent/Textures/T_Wood_Pine_D.uasset" 263
"../../../DornTheDisposable/Content/StarterContent/Textures/T_Wood_Pine_N.uasset" 264
"../../../DornTheDisposable/Content/StarterContent/Materials/M_Wood_Pine.uasset" 265
"../../../DornTheDisposable/Content/StarterContent/Textures/T_Wood_Walnut_D.uasset" 266
"../../../DornTheDisposable/Content/StarterContent/Textures/T_Wood_Walnut_N.uasset" 267
"../../../DornTheDisposable/Content/StarterContent/Materials/M_Wood_Walnut.uasset" 268
"../../../DornTheDisposable/Content/StarterContent/Textures/T_Dust_Particle_D.uasset" 269
"../../../DornTheDisposable/Content/StarterContent/Particles/Materials/M_Dust_Particle.uasset" 270
"../../../DornTheDisposable/Content/StarterContent/Particles/P_Ambient_Dust.uasset" 271
"../../../DornTheDisposable/Content/StarterContent/Textures/T_Bush_D.uasset" 272
"../../../Engine/Content/MobileResources/HUD/MobileHUDButton1_off.uasset" 273
"../../../DornTheDisposable/Content/StarterContent/Props/MaterialSphere.uasset" 274
"../../../DornTheDisposable/Content/StarterContent/Props/Materials/M_MaterialSphere_Plain.uasset" 275
"../../../Engine/Content/MobileResources/T_MobileMenu2.uasset" 276
"../../../Engine/Content/MobileResources/HUD/MobileHUDButton2_on.uasset" 277
"../../../Engine/Content/MobileResources/HUD/T_Castle_ThumbstickInner.uasset" 278
"../../../DornTheDisposable/Content/Assets/SM_Wood_04.uasset" 279
"../../../DornTheDisposable/Content/Assets/SM_Wood_05.uasset" 280
"../../../DornTheDisposable/Content/Assets/SM_Wood_06.uasset" 281
"../../../DornTheDisposable/Content/Assets/SM_Wood_07.uasset" 282
"../../../DornTheDisposable/Content/Assets/SM_Wood_08.uasset" 283
"../../../DornTheDisposable/Content/Assets/SM_Wood_08b.uasset" 284
"../../../DornTheDisposable/Content/Assets/SM_Wood_09.uasset" 285
"../../../DornTheDisposable/Content/Assets/SM_Wood_10.uasset" 286
"../../../Engine/Content/MobileResources/T_MobileControls_texture.uasset" 287
"../../../Engine/Content/MobileResources/HUD/MobileHUDDirectionPad.uasset" 288
"../../../Engine/Content/MobileResources/HUD/T_Castle_ThumbstickOutter.uasset" 289
"../../../DornTheDisposable/Content/Assets/SM_Wood_01.uasset" 290
"../../../DornTheDisposable/Content/Assets/SM_Wood_02.uasset" 291
"../../../DornTheDisposable/Content/Assets/SM_Wood_03.uasset" 292
"../../../DornTheDisposable/Content/StarterContent/Audio/Starter_Birds01.uasset" 293
"../../../DornTheDisposable/Content/StarterContent/Audio/Starter_Wind05.uasset" 294
"../../../DornTheDisposable/Content/StarterContent/Audio/Starter_Wind06.uasset" 295
"../../../DornTheDisposable/Content/StarterContent/Audio/Starter_Background_Cue.uasset" 296
"../../../DornTheDisposable/Content/StarterContent/Audio/Starter_Music01.uasset" 297
"../../../DornTheDisposable/Content/StarterContent/Audio/Starter_Music_Cue.uasset" 298
"../../../DornTheDisposable/Content/StarterContent/Blueprints/Blueprint_CeilingLight.uasset" 299
"../../../Engine/Content/EditorMaterials/PhAT_JointLimitMaterial.uasset" 300
"../../../Engine/Content/EditorMaterials/PreviewShadowIndicator.uasset" 301
"../../../Engine/Content/EditorMaterials/PreviewShadowIndicatorMaterial.uasset" 302
"../../../Engine/Content/EditorMeshes/ColorCalibrator/M_ChromeBall.uasset" 303
"../../../Engine/Content/EditorMeshes/ColorCalibrator/M_ClearCoat.uasset" 304
"../../../Engine/Content/EditorMeshes/ColorCalibrator/M_ClearCoatBlack.uasset" 305
"../../../Engine/Content/EditorMeshes/ColorCalibrator/T_ColorGrid.uasset" 306
"../../../Engine/Content/EditorMeshes/ColorCalibrator/M_ColorGrid.uasset" 307
"../../../Engine/Content/EditorMeshes/ColorCalibrator/M_GreyBall.uasset" 308
"../../../Engine/Content/EditorMeshes/ColorCalibrator/SM_ColorCalibrator.uasset" 309
"../../../Engine/Content/EditorResources/BSPVertex.uasset" 310
"../../../Engine/Content/EditorResources/EmptyActor.uasset" 311
"../../../Engine/Content/EditorResources/LightIcons/S_LightError.uasset" 312
"../../../Engine/Content/EngineDebugMaterials/HeatmapGradient.uasset" 313
"../../../Engine/Content/EngineDebugMaterials/BoneWeightMaterial.uasset" 314
"../../../Engine/Content/EngineDebugMaterials/GeomMaterial.uasset" 315
"../../../Engine/Content/EngineMaterials/EditorBrushMaterial.uasset" 316
"../../../Engine/Content/MobileResources/HUD/AnalogHat.uasset" 317
"../../../Engine/Content/MobileResources/HUD/MobileHUDDirectionPad3.uasset" 318
"../../../Engine/Content/Tutorial/BlueprintTutorials/TutorialAssets/BlueprintInterface_64x.uasset" 319
"../../../Engine/Content/Tutorial/BlueprintTutorials/TutorialAssets/Tutorial_BP_Interface.uasset" 320
"../../../Engine/Content/Tutorial/BlueprintTutorials/BlueprintInterfacesEditorOverview.uasset" 321
"../../../Engine/Content/Tutorial/BlueprintTutorials/TutorialAssets/BlueprintMacroLibrary_64x.uasset" 322
"../../../Engine/Content/Tutorial/BlueprintTutorials/TutorialAssets/Tutorial_BP_MacroLib.uasset" 323
"../../../Engine/Content/Tutorial/BlueprintTutorials/BlueprintMacroLibrariesEditorOverview.uasset" 324
"../../../Engine/Content/Tutorial/BlueprintTutorials/LevelBlueprintEditorOverview.uasset" 325
"../../../Engine/Content/Tutorial/Foliage/TutorialAssets/Foliage.uasset" 326
"../../../Engine/Content/Tutorial/Foliage/Foliage_Settings_Tutorial.uasset" 327
"../../../Engine/Content/Tutorial/Foliage/Foliage_Using_The_Tool_Tutorial.uasset" 328
"../../../Engine/Content/Tutorial/Foliage/Foliage_Intro_Tutorial.uasset" 329
"../../../Engine/Content/Tutorial/Landscape/TutorialAssets/Landscape.uasset" 330
"../../../Engine/Content/Tutorial/Landscape/Landscape_Painting_Mode.uasset" 331
"../../../Engine/Content/Tutorial/Landscape/Landscape_Sculpt_Mode.uasset" 332
"../../../Engine/Content/Tutorial/Landscape/Landscape_Manage_Mode.uasset" 333
"../../../Engine/Content/Tutorial/Paper2D/TutorialAssets/Paper2DFlipbook_TutorialIcon.uasset" 334
"../../../Engine/Content/Tutorial/Paper2D/FlipbookEditorTutorial.uasset" 335
"../../../Engine/Content/Tutorial/Paper2D/TutorialAssets/Paper2DSprite_TutorialIcon.uasset" 336
"../../../Engine/Content/Tutorial/Paper2D/SpriteEditorTutorial.uasset" 337
"../../../Engine/Content/EditorMeshes/EditorCube.uasset" 338
"../../../Engine/Content/Tutorial/SubEditors/TutorialAssets/Tutorial_DM.uasset" 339
"../../../Engine/Content/Tutorial/SubEditors/DestructibleMeshEditorTutorial.uasset" 340
"../../../Engine/Content/Tutorial/SubEditors/TutorialAssets/TutorialMaterial.uasset" 341
"../../../Engine/Content/Tutorial/SubEditors/MaterialEditorTutorial.uasset" 342
"../../../Engine/Content/Tutorial/SubEditors/TutorialAssets/T_SmokeSubUV_8X8.uasset" 343
"../../../Engine/Content/Tutorial/SubEditors/TutorialAssets/T_soft_smoke.uasset" 344
"../../../Engine/Content/Tutorial/SubEditors/TutorialAssets/M_smoke_subUV_blackbody.uasset" 345
"../../../Engine/Content/Tutorial/SubEditors/TutorialAssets/TutorialParticleSystem.uasset" 346
"../../../Engine/Content/Tutorial/SubEditors/ParticleSystemEditorTutorial.uasset" 347
"../../../Engine/Content/Tutorial/SubEditors/TutorialAssets/icon_ShowSkeletalMeshes_40x.uasset" 348
"../../../Engine/Content/Tutorial/SubEditors/TutorialAssets/Character/TutorialTPP_Mat.uasset" 349
"../../../Engine/Content/Tutorial/SubEditors/TutorialAssets/Character/TutorialTPP_PhysicsAsset.uasset" 350
"../../../Engine/Content/Tutorial/SubEditors/TutorialAssets/Character/TutorialTPP.uasset" 351
"../../../Engine/Content/Tutorial/SubEditors/TutorialAssets/Character/TutorialTPP_Skeleton.uasset" 352
"../../../Engine/Content/Tutorial/SubEditors/TutorialAssets/Character/Tutorial_Idle.uasset" 353
"../../../Engine/Content/Tutorial/SubEditors/TutorialAssets/Character/Tutorial_Walk_Fwd.uasset" 354
"../../../Engine/Content/Tutorial/SubEditors/TutorialAssets/Character/NewBlendSpace1D.uasset" 355
"../../../Engine/Content/Tutorial/SubEditors/TutorialAssets/Character/TutorialCharacter.uasset" 356
"../../../Engine/Content/Tutorial/SubEditors/TutorialAssets/Character/TutorialTPP_AnimBlueprint.uasset" 357
"../../../Engine/Content/Tutorial/SubEditors/PersonaAnimBlueprintEditorWalkthrough.uasset" 358
"../../../Engine/Content/Tutorial/SubEditors/PersonaAnimEditorWalkthrough.uasset" 359
"../../../Engine/Content/EngineMeshes/Cube.uasset" 360
"../../../Engine/Content/Tutorial/SubEditors/StaticMeshEditorTutorial.uasset" 361
"../../../Engine/Content/Tutorial/SubEditors/TutorialAssets/icon_Editor_Preferences_General_40x.uasset" 362
"../../../DornTheDisposable/Content/MainMenu.uasset" 363
"../../../DornTheDisposable/Content/Assets/SM_Arch_01.uasset" 364
"../../../DornTheDisposable/Content/Assets/SM_Arch_04.uasset" 365
"../../../DornTheDisposable/Content/Assets/SM_Arch_05.uasset" 366
"../../../DornTheDisposable/Content/Assets/SM_Chain_03.uasset" 367
"../../../DornTheDisposable/Content/Assets/SM_Chain_04_A.uasset" 368
"../../../DornTheDisposable/Content/Assets/SM_Chain_04_C.uasset" 369
"../../../DornTheDisposable/Content/Assets/SM_Column_02.uasset" 370
"../../../DornTheDisposable/Content/Assets/SM_Column_04.uasset" 371
"../../../DornTheDisposable/Content/Assets/SM_FlagPole_01.uasset" 372
"../../../DornTheDisposable/Content/Assets/SM_Floor_03.uasset" 373
"../../../DornTheDisposable/Content/Assets/SM_Floor_04.uasset" 374
"../../../DornTheDisposable/Content/Assets/SM_Floor_05.uasset" 375
"../../../DornTheDisposable/Content/Assets/SM_Floor_06.uasset" 376
"../../../DornTheDisposable/Content/Assets/SM_Ground_02.uasset" 377
"../../../DornTheDisposable/Content/Assets/SM_Metal_02.uasset" 378
"../../../DornTheDisposable/Content/Assets/SM_Metal_02b.uasset" 379
"../../../DornTheDisposable/Content/Assets/SM_Metal_02c.uasset" 380
"../../../DornTheDisposable/Content/Assets/SM_Metal_03.uasset" 381
"../../../DornTheDisposable/Content/Assets/SM_Metal_04.uasset" 382
"../../../DornTheDisposable/Content/Assets/SM_Metal_05.uasset" 383
"../../../DornTheDisposable/Content/Assets/SM_Metal_06.uasset" 384
"../../../DornTheDisposable/Content/Assets/SM_Metal_07.uasset" 385
"../../../DornTheDisposable/Content/Assets/SM_Metal_08.uasset" 386
"../../../DornTheDisposable/Content/Assets/SM_Prop_01.uasset" 387
"../../../DornTheDisposable/Content/Assets/SM_Prop_03.uasset" 388
"../../../DornTheDisposable/Content/Assets/SM_Prop_04.uasset" 389
"../../../DornTheDisposable/Content/Assets/SM_Prop_06.uasset" 390
"../../../DornTheDisposable/Content/Assets/SM_Prop_07.uasset" 391
"../../../DornTheDisposable/Content/Assets/SM_Rubble_05.uasset" 392
"../../../DornTheDisposable/Content/Assets/SM_Rubble_06.uasset" 393
"../../../DornTheDisposable/Content/Assets/SM_Rubble_09.uasset" 394
"../../../DornTheDisposable/Content/Assets/SM_Rubble_12.uasset" 395
"../../../DornTheDisposable/Content/Assets/SM_Rubble_13.uasset" 396
"../../../DornTheDisposable/Content/Assets/SM_Stair_01.uasset" 397
"../../../DornTheDisposable/Content/Assets/SM_Stair_02.uasset" 398
"../../../DornTheDisposable/Content/Assets/SM_Step_01.uasset" 399
"../../../DornTheDisposable/Content/Assets/SM_Step_02.uasset" 400
"../../../DornTheDisposable/Content/Assets/SM_Step_03.uasset" 401
"../../../DornTheDisposable/Content/Assets/SM_Step_04.uasset" 402
"../../../DornTheDisposable/Content/Assets/SM_Step_05.uasset" 403
"../../../DornTheDisposable/Content/Assets/SM_Step_06.uasset" 404
"../../../DornTheDisposable/Content/Assets/SM_WallChunk_02.uasset" 405
"../../../DornTheDisposable/Content/Assets/SM_WallChunk_02b.uasset" 406
"../../../DornTheDisposable/Content/Assets/SM_WallChunk_03.uasset" 407
"../../../DornTheDisposable/Content/Assets/SM_WallChunk_03b.uasset" 408
"../../../DornTheDisposable/Content/Assets/SM_WallChunk_04.uasset" 409
"../../../DornTheDisposable/Content/Assets/SM_WallChunk_04b.uasset" 410
"../../../DornTheDisposable/Content/Assets/SM_WallChunk_05.uasset" 411
"../../../DornTheDisposable/Content/Assets/SM_WallChunk_05b.uasset" 412
"../../../DornTheDisposable/Content/Assets/SM_WallLow_01.uasset" 413
"../../../DornTheDisposable/Content/Assets/SM_WallLow_02.uasset" 414
"../../../DornTheDisposable/Content/Assets/SM_WallLow_04.uasset" 415
"../../../DornTheDisposable/Content/Assets/SM_Wall_02.uasset" 416
"../../../DornTheDisposable/Content/Assets/SM_Wall_03.uasset" 417
"../../../DornTheDisposable/Content/SideScrollerBP/Meshes/CubeMaterial.uasset" 418
"../../../DornTheDisposable/Content/SideScrollerBP/Meshes/Ramp_Mesh.uasset" 419
"../../../DornTheDisposable/Content/StarterContent/Materials/M_Basic_Floor.uasset" 420
"../../../DornTheDisposable/Content/StarterContent/Architecture/Floor_400x400.uasset" 421
"../../../DornTheDisposable/Content/StarterContent/Architecture/Pillar_50x500.uasset" 422
"../../../DornTheDisposable/Content/StarterContent/Materials/M_AssetPlatform.uasset" 423
"../../../DornTheDisposable/Content/StarterContent/Architecture/SM_AssetPlatform.uasset" 424
"../../../DornTheDisposable/Content/StarterContent/Architecture/Wall_400x200.uasset" 425
"../../../DornTheDisposable/Content/StarterContent/Architecture/Wall_400x300.uasset" 426
"../../../DornTheDisposable/Content/StarterContent/Architecture/Wall_400x400.uasset" 427
"../../../DornTheDisposable/Content/StarterContent/Architecture/Wall_500x500.uasset" 428
"../../../DornTheDisposable/Content/StarterContent/Architecture/Wall_Door_400x300.uasset" 429
"../../../DornTheDisposable/Content/StarterContent/Architecture/Wall_Door_400x400.uasset" 430
"../../../DornTheDisposable/Content/StarterContent/Architecture/Wall_Window_400x300.uasset" 431
"../../../DornTheDisposable/Content/StarterContent/Architecture/Wall_Window_400x400.uasset" 432
"../../../DornTheDisposable/Content/StarterContent/Audio/Collapse01.uasset" 433
"../../../DornTheDisposable/Content/StarterContent/Audio/Collapse02.uasset" 434
"../../../DornTheDisposable/Content/StarterContent/Audio/Collapse_Cue.uasset" 435
"../../../DornTheDisposable/Content/StarterContent/Audio/Light01.uasset" 436
"../../../DornTheDisposable/Content/StarterContent/Audio/Light01_Cue.uasset" 437
"../../../DornTheDisposable/Content/StarterContent/Audio/Light02.uasset" 438
"../../../DornTheDisposable/Content/StarterContent/Audio/Light02_Cue.uasset" 439
"../../../DornTheDisposable/Content/StarterContent/Audio/Explosion01.uasset" 440
"../../../DornTheDisposable/Content/StarterContent/Audio/Explosion02.uasset" 441
"../../../DornTheDisposable/Content/StarterContent/Audio/Explosion_Cue.uasset" 442
"../../../DornTheDisposable/Content/StarterContent/Textures/T_Burst_M.uasset" 443
"../../../DornTheDisposable/Content/StarterContent/Particles/Materials/M_Burst.uasset" 444
"../../../DornTheDisposable/Content/StarterContent/Textures/T_Explosion_SubUV.uasset" 445
"../../../DornTheDisposable/Content/StarterContent/Particles/Materials/M_explosion_subUV.uasset" 446
"../../../DornTheDisposable/Content/StarterContent/Particles/Materials/m_flare_01.uasset" 447
"../../../Engine/Content/Functions/Engine_MaterialFunctions01/Gradient/RadialGradient.uasset" 448
"../../../DornTheDisposable/Content/StarterContent/Particles/Materials/M_radial_ramp.uasset" 449
"../../../DornTheDisposable/Content/StarterContent/Textures/T_Smoke_SubUV.uasset" 450
"../../../DornTheDisposable/Content/StarterContent/Textures/T_Smoke_Tiled_D.uasset" 451
"../../../DornTheDisposable/Content/StarterContent/Particles/Materials/M_smoke_subUV.uasset" 452
"../../../DornTheDisposable/Content/StarterContent/Particles/P_Explosion.uasset" 453
"../../../DornTheDisposable/Content/StarterContent/Blueprints/Blueprint_Effect_Explosion.uasset" 454
"../../../DornTheDisposable/Content/StarterContent/Audio/Fire01.uasset" 455
"../../../DornTheDisposable/Content/StarterContent/Audio/Fire01_Cue.uasset" 456
"../../../DornTheDisposable/Content/StarterContent/Textures/T_Fire_SubUV.uasset" 457
"../../../DornTheDisposable/Content/StarterContent/Textures/T_Fire_Tiled_D.uasset" 458
"../../../DornTheDisposable/Content/StarterContent/Particles/Materials/M_Fire_SubUV.uasset" 459
"../../../DornTheDisposable/Content/StarterContent/Particles/Materials/M_Heat_Distortion.uasset" 460
"../../../DornTheDisposable/Content/StarterContent/Particles/Materials/M_Radial_Gradient.uasset" 461
"../../../DornTheDisposable/Content/StarterContent/Particles/P_Fire.uasset" 462
"../../../DornTheDisposable/Content/StarterContent/Blueprints/Blueprint_Effect_Fire.uasset" 463
"../../../DornTheDisposable/Content/StarterContent/Audio/Smoke01.uasset" 464
"../../../DornTheDisposable/Content/StarterContent/Audio/Smoke01_Cue.uasset" 465
"../../../DornTheDisposable/Content/StarterContent/Particles/P_Smoke.uasset" 466
"../../../DornTheDisposable/Content/StarterContent/Blueprints/Blueprint_Effect_Smoke.uasset" 467
"../../../DornTheDisposable/Content/StarterContent/Audio/Fire_Sparks01.uasset" 468
"../../../DornTheDisposable/Content/StarterContent/Audio/Fire_Sparks01_Cue.uasset" 469
"../../../DornTheDisposable/Content/StarterContent/Textures/T_Spark_Core.uasset" 470
"../../../DornTheDisposable/Content/StarterContent/Particles/Materials/M_Spark.uasset" 471
"../../../DornTheDisposable/Content/StarterContent/Particles/P_Sparks.uasset" 472
"../../../DornTheDisposable/Content/StarterContent/Blueprints/Blueprint_Effect_Sparks.uasset" 473
"../../../DornTheDisposable/Content/StarterContent/Audio/Steam01.uasset" 474
"../../../DornTheDisposable/Content/StarterContent/Audio/Steam01_Cue.uasset" 475
"../../../DornTheDisposable/Content/StarterContent/Particles/P_Steam_Lit.uasset" 476
"../../../DornTheDisposable/Content/StarterContent/Blueprints/Blueprint_Effect_Steam.uasset" 477
"../../../DornTheDisposable/Content/StarterContent/Blueprints/Blueprint_WallSconce.uasset" 478
"../../../DornTheDisposable/Content/StarterContent/Blueprints/Assets/FogBrightnessLUT.uasset" 479
"../../../DornTheDisposable/Content/StarterContent/Blueprints/Assets/SunlightColorLUT.uasset" 480
"../../../DornTheDisposable/Content/StarterContent/Blueprints/Assets/M_LightStage_Arrows.uasset" 481
"../../../Engine/Content/MapTemplates/Sky/DaylightAmbientCubemap.uasset" 482
"../../../DornTheDisposable/Content/StarterContent/Blueprints/Assets/M_LightStage_Skybox_Master.uasset" 483
"../../../DornTheDisposable/Content/StarterContent/Blueprints/Assets/M_LightStage_Skybox_Black.uasset" 484
"../../../DornTheDisposable/Content/StarterContent/Blueprints/Assets/M_LightStage_Skybox_HDRI.uasset" 485
"../../../Engine/Content/EditorMaterials/Thumbnails/SkySphereMaterial.uasset" 486
"../../../DornTheDisposable/Content/StarterContent/Blueprints/Assets/Skybox.uasset" 487
"../../../DornTheDisposable/Content/StarterContent/Blueprints/Assets/SM_Arrows.uasset" 488
"../../../DornTheDisposable/Content/StarterContent/Blueprints/BP_LightStudio.uasset" 489
"../../../DornTheDisposable/Content/StarterContent/Textures/T_Brick_Clay_Beveled_D.uasset" 490
"../../../DornTheDisposable/Content/StarterContent/Textures/T_Brick_Clay_Beveled_M.uasset" 491
"../../../DornTheDisposable/Content/StarterContent/Textures/T_Brick_Clay_Beveled_N.uasset" 492
"../../../DornTheDisposable/Content/StarterContent/Materials/M_Brick_Clay_Beveled.uasset" 493
"../../../DornTheDisposable/Content/StarterContent/Textures/T_Brick_Clay_New_D.uasset" 494
"../../../DornTheDisposable/Content/StarterContent/Textures/T_Brick_Clay_New_M.uasset" 495
"../../../DornTheDisposable/Content/StarterContent/Textures/T_Brick_Clay_New_N.uasset" 496
"../../../DornTheDisposable/Content/StarterContent/Materials/M_Brick_Clay_New.uasset" 497
"../../../DornTheDisposable/Content/StarterContent/Textures/T_Brick_Clay_Old_D.uasset" 498
"../../../DornTheDisposable/Content/StarterContent/Textures/T_Brick_Clay_Old_N.uasset" 499
"../../../DornTheDisposable/Content/StarterContent/Materials/M_Brick_Clay_Old.uasset" 500
"../../../DornTheDisposable/Content/StarterContent/Textures/T_Brick_Cut_Stone_D.uasset" 501
"../../../DornTheDisposable/Content/StarterContent/Textures/T_Brick_Cut_Stone_N.uasset" 502
"../../../DornTheDisposable/Content/StarterContent/Materials/M_Brick_Cut_Stone.uasset" 503
"../../../DornTheDisposable/Content/StarterContent/Textures/T_Brick_Hewn_Stone_D.uasset" 504
"../../../DornTheDisposable/Content/StarterContent/Textures/T_Brick_Hewn_Stone_M.uasset" 505
"../../../DornTheDisposable/Content/StarterContent/Textures/T_Brick_Hewn_Stone_N.uasset" 506
"../../../DornTheDisposable/Content/StarterContent/Materials/M_Brick_Hewn_Stone.uasset" 507
"../../../DornTheDisposable/Content/StarterContent/Textures/T_Ceramic_Tile_M.uasset" 508
"../../../DornTheDisposable/Content/StarterContent/Textures/T_Ceramic_Tile_N.uasset" 509
"../../../DornTheDisposable/Content/StarterContent/Textures/T_Rock_Marble_Polished_D.uasset" 510
"../../../DornTheDisposable/Content/StarterContent/Materials/M_Ceramic_Tile_Checker.uasset" 511
"../../../DornTheDisposable/Content/StarterContent/Textures/T_CobbleStone_Pebble_D.uasset" 512
"../../../DornTheDisposable/Content/StarterContent/Textures/T_CobbleStone_Pebble_M.uasset" 513
"../../../DornTheDisposable/Content/StarterContent/Textures/T_CobbleStone_Pebble_N.uasset" 514
"../../../DornTheDisposable/Content/StarterContent/Materials/M_CobbleStone_Pebble.uasset" 515
"../../../DornTheDisposable/Content/StarterContent/Textures/T_CobbleStone_Rough_D.uasset" 516
"../../../DornTheDisposable/Content/StarterContent/Textures/T_CobbleStone_Rough_N.uasset" 517
"../../../DornTheDisposable/Content/StarterContent/Textures/T_Gradinet_01.uasset" 518
"../../../DornTheDisposable/Content/StarterContent/Textures/T_Rock_Smooth_Granite_D.uasset" 519
"../../../DornTheDisposable/Content/StarterContent/Materials/M_CobbleStone_Rough.uasset" 520
"../../../DornTheDisposable/Content/StarterContent/Textures/T_CobbleStone_Smooth_D.uasset" 521
"../../../DornTheDisposable/Content/StarterContent/Textures/T_CobbleStone_Smooth_M.uasset" 522
"../../../DornTheDisposable/Content/StarterContent/Textures/T_CobbleStone_Smooth_N.uasset" 523
"../../../DornTheDisposable/Content/StarterContent/Materials/M_CobbleStone_Smooth.uasset" 524
"../../../DornTheDisposable/Content/StarterContent/Materials/M_ColorGrid_LowSpec.uasset" 525
"../../../DornTheDisposable/Content/StarterContent/Textures/T_Concrete_Grime_D.uasset" 526
"../../../DornTheDisposable/Content/StarterContent/Textures/T_Metal_Rust_N.uasset" 527
"../../../DornTheDisposable/Content/StarterContent/Materials/M_Concrete_Grime.uasset" 528
"../../../DornTheDisposable/Content/StarterContent/Textures/T_Concrete_Panels_D.uasset" 529
"../../../DornTheDisposable/Content/StarterContent/Textures/T_Concrete_Panels_N.uasset" 530
"../../../DornTheDisposable/Content/StarterContent/Materials/M_Concrete_Panels.uasset" 531
"../../../DornTheDisposable/Content/StarterContent/Textures/T_Concrete_Tiles_D.uasset" 532
"../../../DornTheDisposable/Content/StarterContent/Textures/T_Concrete_Tiles_M.uasset" 533
"../../../DornTheDisposable/Content/StarterContent/Textures/T_Concrete_Tiles_N.uasset" 534
"../../../DornTheDisposable/Content/StarterContent/Textures/T_Concrete_Tiles_Variation_M.uasset" 535
"../../../DornTheDisposable/Content/StarterContent/Materials/M_Concrete_Tiles.uasset" 536
"../../../DornTheDisposable/Content/StarterContent/Materials/M_Glass.uasset" 537
"../../../DornTheDisposable/Content/StarterContent/Textures/T_Ground_Grass_D.uasset" 538
"../../../DornTheDisposable/Content/StarterContent/Textures/T_Ground_Grass_N.uasset" 539
"../../../DornTheDisposable/Content/StarterContent/Materials/M_Ground_Grass.uasset" 540
"../../../DornTheDisposable/Content/StarterContent/Textures/T_Ground_Gravel_D.uasset" 541
"../../../DornTheDisposable/Content/StarterContent/Textures/T_Ground_Gravel_N.uasset" 542
"../../../DornTheDisposable/Content/StarterContent/Materials/M_Ground_Gravel.uasset" 543
"../../../DornTheDisposable/Content/StarterContent/Textures/T_ground_Moss_D.uasset" 544
"../../../DornTheDisposable/Content/StarterContent/Textures/T_Ground_Moss_N.uasset" 545
"../../../DornTheDisposable/Content/StarterContent/Materials/M_Ground_Moss.uasset" 546
"../../../DornTheDisposable/Content/StarterContent/Materials/M_Metal_Brushed_Nickel.uasset" 547
"../../../DornTheDisposable/Content/StarterContent/Textures/T_Metal_Aluminum_D.uasset" 548
"../../../DornTheDisposable/Content/StarterContent/Textures/T_Metal_Gold_N.uasset" 549
"../../../DornTheDisposable/Content/StarterContent/Materials/M_Metal_Burnished_Steel.uasset" 550
"../../../DornTheDisposable/Content/StarterContent/Materials/M_Metal_Chrome.uasset" 551
"../../../DornTheDisposable/Content/StarterContent/Textures/T_Metal_Copper_D.uasset" 552
"../../../DornTheDisposable/Content/StarterContent/Materials/M_Metal_Copper.uasset" 553
"../../../DornTheDisposable/Content/StarterContent/Textures/T_Metal_Gold_D.uasset" 554
"../../../DornTheDisposable/Content/StarterContent/Materials/M_Metal_Gold.uasset" 555
"../../../DornTheDisposable/Content/StarterContent/Textures/T_Metal_Rust_D.uasset" 556
"../../../DornTheDisposable/Content/StarterContent/Materials/M_Metal_Rust.uasset" 557
"../../../DornTheDisposable/Content/StarterContent/Textures/T_Metal_Steel_D.uasset" 558
"../../../DornTheDisposable/Content/StarterContent/Textures/T_Metal_Steel_N.uasset" 559
"../../../DornTheDisposable/Content/StarterContent/Materials/M_Metal_Steel.uasset" 560
"../../../DornTheDisposable/Content/StarterContent/Materials/M_Rock_Marble_Polished.uasset" 561
"../../../DornTheDisposable/Content/StarterContent/Textures/T_Rock_Sandstone_D.uasset" 562
"../../../DornTheDisposable/Content/StarterContent/Textures/T_Rock_Sandstone_N.uasset" 563
"../../../DornTheDisposable/Content/StarterContent/Materials/M_Rock_Sandstone.uasset" 564
"../../../DornTheDisposable/Content/StarterContent/Textures/T_Rock_Slate_D.uasset" 565
"../../../DornTheDisposable/Content/StarterContent/Textures/T_Rock_Slate_N.uasset" 566
"../../../DornTheDisposable/Content/StarterContent/Materials/M_Rock_Slate.uasset" 567
"../../../DornTheDisposable/Content/StarterContent/Textures/T_Checker_Noise_M.uasset" 568
"../../../DornTheDisposable/Content/StarterContent/Textures/T_Single_Tile_N.uasset" 569
"../../../DornTheDisposable/Content/StarterContent/Textures/T_Tech_Dot_M.uasset" 570
"../../../DornTheDisposable/Content/StarterContent/Textures/T_Tech_Dot_N.uasset" 571
"../../../DornTheDisposable/Content/StarterContent/Materials/M_Tech_Checker_Dot.uasset" 572
"../../../DornTheDisposable/Content/StarterContent/Textures/T_Tech_Hex_Tile_M.uasset" 573
"../../../DornTheDisposable/Content/StarterContent/Textures/T_Tech_Hex_Tile_N.uasset" 574
"../../../DornTheDisposable/Content/StarterContent/Materials/M_Tech_Hex_Tile.uasset" 575
"../../../DornTheDisposable/Content/StarterContent/Materials/M_Tech_Hex_Tile_Pulse.uasset" 576
"../../../DornTheDisposable/Content/StarterContent/Textures/T_Tech_Panel_M.uasset" 577
"../../../DornTheDisposable/Content/StarterContent/Textures/T_Tech_Panel_N.uasset" 578
"../../../DornTheDisposable/Content/StarterContent/Materials/M_Tech_Panel.uasset" 579
"../../../DornTheDisposable/Content/StarterContent/Textures/T_Water_M.uasset" 580
"../../../DornTheDisposable/Content/StarterContent/Materials/M_Water_Ocean.uasset" 581
"../../../DornTheDisposable/Content/StarterContent/Textures/T_Wood_Floor_Walnut_D.uasset" 582
"../../../DornTheDisposable/Content/StarterContent/Textures/T_Wood_Floor_Walnut_M.uasset" 583
"../../../DornTheDisposable/Content/StarterContent/Textures/T_Wood_Floor_Walnut_N.uasset" 584
"../../../DornTheDisposable/Content/StarterContent/Materials/M_Wood_Floor_Walnut_Polished.uasset" 585
"../../../Engine/Content/Functions/Engine_MaterialFunctions01/Opacity/AlphaOffset.uasset" 586
"../../../DornTheDisposable/Content/StarterContent/Materials/M_Wood_Floor_Walnut_Worn.uasset" 587
